Release 13.4 - xst O.87xd (nt)
Copyright (c) 1995-2011 Xilinx, Inc.  All rights reserved.
--> Parameter TMPDIR set to xst/projnav.tmp


Total REAL time to Xst completion: 0.00 secs
Total CPU time to Xst completion: 0.11 secs
 
--> Parameter xsthdpdir set to xst


Total REAL time to Xst completion: 0.00 secs
Total CPU time to Xst completion: 0.11 secs
 
--> Reading design: alarm_twodigit.prj

TABLE OF CONTENTS
  1) Synthesis Options Summary
  2) HDL Compilation
  3) Design Hierarchy Analysis
  4) HDL Analysis
  5) HDL Synthesis
     5.1) HDL Synthesis Report
  6) Advanced HDL Synthesis
     6.1) Advanced HDL Synthesis Report
  7) Low Level Synthesis
  8) Partition Report
  9) Final Report
	9.1) Device utilization summary
	9.2) Partition Resource Summary
	9.3) TIMING REPORT


=========================================================================
*                      Synthesis Options Summary                        *
=========================================================================
---- Source Parameters
Input File Name                    : "alarm_twodigit.prj"
Input Format                       : mixed
Ignore Synthesis Constraint File   : NO

---- Target Parameters
Output File Name                   : "alarm_twodigit"
Output Format                      : NGC
Target Device                      : xc3s200-4-tq144

---- Source Options
Top Module Name                    : alarm_twodigit
Automatic FSM Extraction           : YES
FSM Encoding Algorithm             : Auto
Safe Implementation                : No
FSM Style                          : LUT
RAM Extraction                     : Yes
RAM Style                          : Auto
ROM Extraction                     : Yes
Mux Style                          : Auto
Decoder Extraction                 : YES
Priority Encoder Extraction        : Yes
Shift Register Extraction          : YES
Logical Shifter Extraction         : YES
XOR Collapsing                     : YES
ROM Style                          : Auto
Mux Extraction                     : Yes
Resource Sharing                   : YES
Asynchronous To Synchronous        : NO
Multiplier Style                   : Auto
Automatic Register Balancing       : No

---- Target Options
Add IO Buffers                     : YES
Global Maximum Fanout              : 500
Add Generic Clock Buffer(BUFG)     : 8
Register Duplication               : YES
Slice Packing                      : YES
Optimize Instantiated Primitives   : NO
Use Clock Enable                   : Yes
Use Synchronous Set                : Yes
Use Synchronous Reset              : Yes
Pack IO Registers into IOBs        : Auto
Equivalent register Removal        : YES

---- General Options
Optimization Goal                  : Speed
Optimization Effort                : 1
Keep Hierarchy                     : No
Netlist Hierarchy                  : As_Optimized
RTL Output                         : Yes
Global Optimization                : AllClockNets
Read Cores                         : YES
Write Timing Constraints           : NO
Cross Clock Analysis               : NO
Hierarchy Separator                : /
Bus Delimiter                      : <>
Case Specifier                     : Maintain
Slice Utilization Ratio            : 100
BRAM Utilization Ratio             : 100
Verilog 2001                       : YES
Auto BRAM Packing                  : NO
Slice Utilization Ratio Delta      : 5

=========================================================================


=========================================================================
*                          HDL Compilation                              *
=========================================================================
Compiling verilog file "alarm_twodigit.v" in library work
Module <alarm_twodigit> compiled
No errors in compilation
Analysis of file <"alarm_twodigit.prj"> succeeded.
 

=========================================================================
*                     Design Hierarchy Analysis                         *
=========================================================================
Analyzing hierarchy for module <alarm_twodigit> in library <work>.


=========================================================================
*                            HDL Analysis                               *
=========================================================================
Analyzing top module <alarm_twodigit>.
WARNING:Xst:905 - "alarm_twodigit.v" line 60: One or more signals are missing in the sensitivity list of always block. To enable synthesis of FPGA/CPLD hardware, XST will assume that all necessary signals are present in the sensitivity list. Please note that the result of the synthesis may differ from the initial design specification. The missing signals are:
   <en>
Module <alarm_twodigit> is correct for synthesis.
 

=========================================================================
*                           HDL Synthesis                               *
=========================================================================

Performing bidirectional port resolution...

Synthesizing Unit <alarm_twodigit>.
    Related source file is "alarm_twodigit.v".
WARNING:Xst:737 - Found 1-bit latch for signal <sp>. Latches may be generated from incomplete case or if statements. We do not recommend the use of latches in FPGA/CPLD designs, as they may lead to timing problems.
    Found 16x7-bit ROM for signal <o>.
    Found 32-bit up counter for signal <cnt>.
    Found 4-bit up counter for signal <one>.
    Found 1-bit register for signal <sclk>.
    Found 4-bit up counter for signal <ten>.
    Summary:
	inferred   1 ROM(s).
	inferred   3 Counter(s).
	inferred   1 D-type flip-flop(s).
Unit <alarm_twodigit> synthesized.


=========================================================================
HDL Synthesis Report

Macro Statistics
# ROMs                                                 : 1
 16x7-bit ROM                                          : 1
# Counters                                             : 3
 32-bit up counter                                     : 1
 4-bit up counter                                      : 2
# Registers                                            : 1
 1-bit register                                        : 1
# Latches                                              : 1
 1-bit latch                                           : 1

=========================================================================

=========================================================================
*                       Advanced HDL Synthesis                          *
=========================================================================


=========================================================================
Advanced HDL Synthesis Report

Macro Statistics
# ROMs                                                 : 1
 16x7-bit ROM                                          : 1
# Counters                                             : 3
 32-bit up counter                                     : 1
 4-bit up counter                                      : 2
# Registers                                            : 1
 Flip-Flops                                            : 1
# Latches                                              : 1
 1-bit latch                                           : 1

=========================================================================

=========================================================================
*                         Low Level Synthesis                           *
=========================================================================

Optimizing unit <alarm_twodigit> ...

Mapping all equations...
Building and optimizing final netlist ...
Found area constraint ratio of 100 (+ 5) on block alarm_twodigit, actual ratio is 1.

Final Macro Processing ...

=========================================================================
Final Register Report

Macro Statistics
# Registers                                            : 41
 Flip-Flops                                            : 41

=========================================================================

=========================================================================
*                           Partition Report                            *
=========================================================================

Partition Implementation Status
-------------------------------

  No Partitions were found in this design.

-------------------------------

=========================================================================
*                            Final Report                               *
=========================================================================
Final Results
RTL Top Level Output File Name     : alarm_twodigit.ngr
Top Level Output File Name         : alarm_twodigit
Output Format                      : NGC
Optimization Goal                  : Speed
Keep Hierarchy                     : No

Design Statistics
# IOs                              : 12

Cell Usage :
# BELS                             : 133
#      GND                         : 1
#      INV                         : 5
#      LUT1                        : 31
#      LUT2                        : 3
#      LUT3                        : 2
#      LUT4                        : 19
#      MUXCY                       : 39
#      VCC                         : 1
#      XORCY                       : 32
# FlipFlops/Latches                : 42
#      FDE                         : 1
#      FDR                         : 36
#      FDRE                        : 4
#      LDCE                        : 1
# Clock Buffers                    : 1
#      BUFGP                       : 1
# IO Buffers                       : 11
#      IBUF                        : 1
#      OBUF                        : 10
=========================================================================

Device utilization summary:
---------------------------

Selected Device : 3s200tq144-4 

 Number of Slices:                       29  out of   1920     1%  
 Number of Slice Flip Flops:             41  out of   3840     1%  
 Number of 4 input LUTs:                 60  out of   3840     1%  
 Number of IOs:                          12
 Number of bonded IOBs:                  12  out of     97    12%  
    IOB Flip Flops:                       1
 Number of GCLKs:                         1  out of      8    12%  

---------------------------
Partition Resource Summary:
---------------------------

  No Partitions were found in this design.

---------------------------


=========================================================================
TIMING REPORT

NOTE: THESE TIMING NUMBERS ARE ONLY A SYNTHESIS ESTIMATE.
      FOR ACCURATE TIMING INFORMATION PLEASE REFER TO THE TRACE REPORT
      GENERATED AFTER PLACE-and-ROUTE.

Clock Information:
------------------
-----------------------------------+------------------------+-------+
Clock Signal                       | Clock buffer(FF name)  | Load  |
-----------------------------------+------------------------+-------+
clk                                | BUFGP                  | 33    |
sp_cmp_eq0000(sp_cmp_eq00001:O)    | NONE(*)(sp)            | 1     |
sclk                               | NONE(one_0)            | 8     |
-----------------------------------+------------------------+-------+
(*) This 1 clock signal(s) are generated by combinatorial logic,
and XST is not able to identify which are the primary clock signals.
Please use the CLOCK_SIGNAL constraint to specify the clock signal(s) generated by combinatorial logic.
INFO:Xst:2169 - HDL ADVISOR - Some clock signals were not automatically buffered by XST with BUFG/BUFR resources. Please use the buffer_type constraint in order to insert these buffers to the clock signals to help prevent skew problems.

Asynchronous Control Signals Information:
----------------------------------------
-----------------------------------+------------------------+-------+
Control Signal                     | Buffer(FF name)        | Load  |
-----------------------------------+------------------------+-------+
en_inv(en_inv1_INV_0:O)            | NONE(sp)               | 1     |
-----------------------------------+------------------------+-------+

Timing Summary:
---------------
Speed Grade: -4

   Minimum period: 6.537ns (Maximum Frequency: 152.979MHz)
   Minimum input arrival time before clock: 4.531ns
   Maximum output required time after clock: 9.199ns
   Maximum combinational path delay: No path found

Timing Detail:
--------------
All values displayed in nanoseconds (ns)

=========================================================================
Timing constraint: Default period analysis for Clock 'clk'
  Clock period: 6.537ns (frequency: 152.979MHz)
  Total number of paths / destination ports: 1585 / 66
-------------------------------------------------------------------------
Delay:               6.537ns (Levels of Logic = 9)
  Source:            cnt_8 (FF)
  Destination:       cnt_0 (FF)
  Source Clock:      clk rising
  Destination Clock: clk rising

  Data Path: cnt_8 to cnt_0
                                Gate     Net
    Cell:in->out      fanout   Delay   Delay  Logical Name (Net Name)
    ----------------------------------------  ------------
     FDR:C->Q              2   0.720   1.216  cnt_8 (cnt_8)
     LUT4:I0->O            1   0.551   0.000  sclk_cmp_eq0000_wg_lut<0> (sclk_cmp_eq0000_wg_lut<0>)
     MUXCY:S->O            1   0.500   0.000  sclk_cmp_eq0000_wg_cy<0> (sclk_cmp_eq0000_wg_cy<0>)
     MUXCY:CI->O           1   0.064   0.000  sclk_cmp_eq0000_wg_cy<1> (sclk_cmp_eq0000_wg_cy<1>)
     MUXCY:CI->O           1   0.064   0.000  sclk_cmp_eq0000_wg_cy<2> (sclk_cmp_eq0000_wg_cy<2>)
     MUXCY:CI->O           1   0.064   0.000  sclk_cmp_eq0000_wg_cy<3> (sclk_cmp_eq0000_wg_cy<3>)
     MUXCY:CI->O           1   0.064   0.000  sclk_cmp_eq0000_wg_cy<4> (sclk_cmp_eq0000_wg_cy<4>)
     MUXCY:CI->O           1   0.064   0.000  sclk_cmp_eq0000_wg_cy<5> (sclk_cmp_eq0000_wg_cy<5>)
     MUXCY:CI->O           1   0.064   0.000  sclk_cmp_eq0000_wg_cy<6> (sclk_cmp_eq0000_wg_cy<6>)
     MUXCY:CI->O          33   0.281   1.859  sclk_cmp_eq0000_wg_cy<7> (sclk_cmp_eq0000)
     FDR:R                     1.026          cnt_0
    ----------------------------------------
    Total                      6.537ns (3.462ns logic, 3.075ns route)
                                       (53.0% logic, 47.0% route)

=========================================================================
Timing constraint: Default period analysis for Clock 'sclk'
  Clock period: 6.420ns (frequency: 155.763MHz)
  Total number of paths / destination ports: 52 / 16
-------------------------------------------------------------------------
Delay:               6.420ns (Levels of Logic = 2)
  Source:            one_0 (FF)
  Destination:       one_0 (FF)
  Source Clock:      sclk rising
  Destination Clock: sclk rising

  Data Path: one_0 to one_0
                                Gate     Net
    Cell:in->out      fanout   Delay   Delay  Logical Name (Net Name)
    ----------------------------------------  ------------
     FDR:C->Q             12   0.720   1.457  one_0 (one_0)
     LUT4:I0->O            6   0.551   1.198  ten_cmp_eq00001 (ten_cmp_eq0000)
     LUT2:I1->O            4   0.551   0.917  one_or00001 (one_or0000)
     FDR:R                     1.026          one_0
    ----------------------------------------
    Total                      6.420ns (2.848ns logic, 3.572ns route)
                                       (44.4% logic, 55.6% route)

=========================================================================
Timing constraint: Default OFFSET IN BEFORE for Clock 'sclk'
  Total number of paths / destination ports: 8 / 8
-------------------------------------------------------------------------
Offset:              4.531ns (Levels of Logic = 2)
  Source:            en (PAD)
  Destination:       one_0 (FF)
  Destination Clock: sclk rising

  Data Path: en to one_0
                                Gate     Net
    Cell:in->out      fanout   Delay   Delay  Logical Name (Net Name)
    ----------------------------------------  ------------
     IBUF:I->O             2   0.821   1.216  en_IBUF (en_IBUF)
     LUT2:I0->O            4   0.551   0.917  one_or00001 (one_or0000)
     FDR:R                     1.026          one_0
    ----------------------------------------
    Total                      4.531ns (2.398ns logic, 2.133ns route)
                                       (52.9% logic, 47.1% route)

=========================================================================
Timing constraint: Default OFFSET OUT AFTER for Clock 'sp_cmp_eq0000'
  Total number of paths / destination ports: 1 / 1
-------------------------------------------------------------------------
Offset:              7.078ns (Levels of Logic = 1)
  Source:            sp (LATCH)
  Destination:       sp (PAD)
  Source Clock:      sp_cmp_eq0000 falling

  Data Path: sp to sp
                                Gate     Net
    Cell:in->out      fanout   Delay   Delay  Logical Name (Net Name)
    ----------------------------------------  ------------
     LDCE:G->Q             1   0.633   0.801  sp (sp_OBUF)
     OBUF:I->O                 5.644          sp_OBUF (sp)
    ----------------------------------------
    Total                      7.078ns (6.277ns logic, 0.801ns route)
                                       (88.7% logic, 11.3% route)

=========================================================================
Timing constraint: Default OFFSET OUT AFTER for Clock 'sclk'
  Total number of paths / destination ports: 28 / 7
-------------------------------------------------------------------------
Offset:              9.199ns (Levels of Logic = 2)
  Source:            one_1 (FF)
  Destination:       o<6> (PAD)
  Source Clock:      sclk rising

  Data Path: one_1 to o<6>
                                Gate     Net
    Cell:in->out      fanout   Delay   Delay  Logical Name (Net Name)
    ----------------------------------------  ------------
     FDR:C->Q             11   0.720   1.483  one_1 (one_1)
     LUT4:I0->O            1   0.551   0.801  Mrom_o111 (o_1_OBUF)
     OBUF:I->O                 5.644          o_1_OBUF (o<1>)
    ----------------------------------------
    Total                      9.199ns (6.915ns logic, 2.284ns route)
                                       (75.2% logic, 24.8% route)

=========================================================================


Total REAL time to Xst completion: 4.00 secs
Total CPU time to Xst completion: 3.67 secs
 
--> 

Total memory usage is 199852 kilobytes

Number of errors   :    0 (   0 filtered)
Number of warnings :    2 (   0 filtered)
Number of infos    :    1 (   0 filtered)

