
****** PlanAhead v13.4
  **** Build 157570 by hdbuild on Fri Dec 16 12:55:36 MST 2011
    ** Copyright 1986-1999, 2001-2011 Xilinx, Inc. All Rights Reserved.

INFO: [Common-78] Attempting to get a license: PlanAhead
INFO: [Common-82] Got a license: PlanAhead
INFO: [Device-25] Loading parts and site information from C:/Xilinx/13.4/ISE_DS/PlanAhead\parts\arch.xmlParsing RTL primitives file [C:/Xilinx/13.4/ISE_DS/PlanAhead\parts\xilinx\rtl\prims\rtl_prims.xml]
Finished parsing RTL primitives file [C:/Xilinx/13.4/ISE_DS/PlanAhead\parts\xilinx\rtl\prims\rtl_prims.xml]
start_gui
starting gui ...
source D:/lab6/buzzer/pa.fromHdl.tcl
# create_project -name buzzer -dir "D:/lab6/buzzer/planAhead_run_1" -part xc3s200tq144-4
Parsing template File [C:/Xilinx/13.4/ISE_DS/ISE\data\projnav\templates\verilog.xml].
Finished parsing template File [C:/Xilinx/13.4/ISE_DS/ISE\data\projnav\templates\verilog.xml].
Parsing template File [C:/Xilinx/13.4/ISE_DS/ISE\data\projnav\templates\vhdl.xml].
Finished parsing template File [C:/Xilinx/13.4/ISE_DS/ISE\data\projnav\templates\vhdl.xml].
Parsing template File [C:/Xilinx/13.4/ISE_DS/ISE\data\projnav\templates\ucf.xml].
Finished parsing template File [C:/Xilinx/13.4/ISE_DS/ISE\data\projnav\templates\ucf.xml].
# set_param project.pinAheadLayout yes
# set srcset [get_property srcset [current_run -impl]]
# set_property target_constrs_file "buzzer.ucf" [current_fileset -constrset]
Adding file 'D:\lab6\buzzer\buzzer.ucf' to fileset 'constrs_1'
# set hdlfile [add_files [list {buzzer.v}]]
# set_property file_type Verilog $hdlfile
# set_property library work $hdlfile
# set_property top buzzer $srcset
# add_files [list {buzzer.ucf}] -fileset [get_property constrset [current_run]]
# open_rtl_design -part xc3s200tq144-4
INFO: [PlanAhead-58] Using Verific elaboration
Parsing VHDL file "C:/Xilinx/13.4/ISE_DS/PlanAhead\parts\xilinx\rtl\lib\synplify\synattr.vhd" into library synplify
Analyzing Verilog file "D:\lab6\buzzer\buzzer.v" into library work
INFO: [PlanAhead-430] Reading macro library C:/Xilinx/13.4/ISE_DS/PlanAhead\./parts/xilinx/spartan3/hd_int_macros.edn
Parsing EDIF File [C:/Xilinx/13.4/ISE_DS/PlanAhead\./parts/xilinx/spartan3/hd_int_macros.edn]
Finished Parsing EDIF File [C:/Xilinx/13.4/ISE_DS/PlanAhead\./parts/xilinx/spartan3/hd_int_macros.edn]
Loading clock regions from C:/Xilinx/13.4/ISE_DS/PlanAhead\parts/xilinx/spartan3/spartan3/xc3s200/ClockRegion.xml
Loading clock buffers from C:/Xilinx/13.4/ISE_DS/PlanAhead\parts/xilinx/spartan3/spartan3/xc3s200/ClockBuffers.xml
Loading package from C:/Xilinx/13.4/ISE_DS/PlanAhead\parts/xilinx/spartan3/spartan3/xc3s200/tq144/Package.xml
Loading io standards from C:/Xilinx/13.4/ISE_DS/PlanAhead\./parts/xilinx/spartan3/IOStandards.xml
INFO: [Device-19] Loading pkg sso from C:/Xilinx/13.4/ISE_DS/PlanAhead\parts/xilinx/spartan3/spartan3/xc3s200/tq144/SSORules.xml
Loading list of drcs for the architecture : C:/Xilinx/13.4/ISE_DS/PlanAhead\./parts/xilinx/spartan3/drc.xml
INFO: [Timing-77] Reading timing library C:/Xilinx/13.4/ISE_DS/PlanAhead\parts/xilinx/spartan3/spartan3/spartan3-4.lib.
INFO: [Timing-34] Done reading timing library C:/Xilinx/13.4/ISE_DS/PlanAhead\parts/xilinx/spartan3/spartan3/spartan3-4.lib.
Parsing UCF File [D:\lab6\buzzer\buzzer.ucf]
Finished Parsing UCF File [D:\lab6\buzzer\buzzer.ucf]
INFO: [PlanAhead-566] Unisim Transformation Summary:
No Unisim elements were transformed.open_rtl_design: Time (s): 5.079w.  Memory (MB): 412.207p 56.773g
exit
stop_gui
INFO: [PlanAhead-261] Exiting PlanAhead...
INFO: [Common-83] Releasing license: PlanAhead
