Release 13.4 - xst O.87xd (nt)
Copyright (c) 1995-2011 Xilinx, Inc.  All rights reserved.
--> Parameter TMPDIR set to xst/projnav.tmp


Total REAL time to Xst completion: 0.00 secs
Total CPU time to Xst completion: 0.10 secs
 
--> Parameter xsthdpdir set to xst


Total REAL time to Xst completion: 0.00 secs
Total CPU time to Xst completion: 0.10 secs
 
--> Reading design: buzzer.prj

TABLE OF CONTENTS
  1) Synthesis Options Summary
  2) HDL Compilation
  3) Design Hierarchy Analysis
  4) HDL Analysis
  5) HDL Synthesis
     5.1) HDL Synthesis Report
  6) Advanced HDL Synthesis
     6.1) Advanced HDL Synthesis Report
  7) Low Level Synthesis
  8) Partition Report
  9) Final Report
	9.1) Device utilization summary
	9.2) Partition Resource Summary
	9.3) TIMING REPORT


=========================================================================
*                      Synthesis Options Summary                        *
=========================================================================
---- Source Parameters
Input File Name                    : "buzzer.prj"
Input Format                       : mixed
Ignore Synthesis Constraint File   : NO

---- Target Parameters
Output File Name                   : "buzzer"
Output Format                      : NGC
Target Device                      : xc3s200-4-tq144

---- Source Options
Top Module Name                    : buzzer
Automatic FSM Extraction           : YES
FSM Encoding Algorithm             : Auto
Safe Implementation                : No
FSM Style                          : LUT
RAM Extraction                     : Yes
RAM Style                          : Auto
ROM Extraction                     : Yes
Mux Style                          : Auto
Decoder Extraction                 : YES
Priority Encoder Extraction        : Yes
Shift Register Extraction          : YES
Logical Shifter Extraction         : YES
XOR Collapsing                     : YES
ROM Style                          : Auto
Mux Extraction                     : Yes
Resource Sharing                   : YES
Asynchronous To Synchronous        : NO
Multiplier Style                   : Auto
Automatic Register Balancing       : No

---- Target Options
Add IO Buffers                     : YES
Global Maximum Fanout              : 500
Add Generic Clock Buffer(BUFG)     : 8
Register Duplication               : YES
Slice Packing                      : YES
Optimize Instantiated Primitives   : NO
Use Clock Enable                   : Yes
Use Synchronous Set                : Yes
Use Synchronous Reset              : Yes
Pack IO Registers into IOBs        : Auto
Equivalent register Removal        : YES

---- General Options
Optimization Goal                  : Speed
Optimization Effort                : 1
Keep Hierarchy                     : No
Netlist Hierarchy                  : As_Optimized
RTL Output                         : Yes
Global Optimization                : AllClockNets
Read Cores                         : YES
Write Timing Constraints           : NO
Cross Clock Analysis               : NO
Hierarchy Separator                : /
Bus Delimiter                      : <>
Case Specifier                     : Maintain
Slice Utilization Ratio            : 100
BRAM Utilization Ratio             : 100
Verilog 2001                       : YES
Auto BRAM Packing                  : NO
Slice Utilization Ratio Delta      : 5

=========================================================================


=========================================================================
*                          HDL Compilation                              *
=========================================================================
Compiling verilog file "buzzer.v" in library work
Module <buzzer> compiled
No errors in compilation
Analysis of file <"buzzer.prj"> succeeded.
 

=========================================================================
*                     Design Hierarchy Analysis                         *
=========================================================================
Analyzing hierarchy for module <buzzer> in library <work> with parameters.
	clk220 = "00000000000000001101110111110010"
	clk440 = "00000000000000000110111011111001"


=========================================================================
*                            HDL Analysis                               *
=========================================================================
Analyzing top module <buzzer>.
	clk220 = 32'sb00000000000000001101110111110010
	clk440 = 32'sb00000000000000000110111011111001
WARNING:Xst:905 - "buzzer.v" line 34: One or more signals are missing in the sensitivity list of always block. To enable synthesis of FPGA/CPLD hardware, XST will assume that all necessary signals are present in the sensitivity list. Please note that the result of the synthesis may differ from the initial design specification. The missing signals are:
   <speed>, <sp1>, <sp2>
Module <buzzer> is correct for synthesis.
 

=========================================================================
*                           HDL Synthesis                               *
=========================================================================

Performing bidirectional port resolution...

Synthesizing Unit <buzzer>.
    Related source file is "buzzer.v".
    Found 32-bit up counter for signal <cnt>.
    Found 32-bit up counter for signal <cnt1>.
    Found 32-bit up counter for signal <cnt2>.
    Found 1-bit register for signal <sp1>.
    Found 1-bit register for signal <sp2>.
    Found 1-bit register for signal <speed>.
    Summary:
	inferred   3 Counter(s).
	inferred   3 D-type flip-flop(s).
Unit <buzzer> synthesized.


=========================================================================
HDL Synthesis Report

Macro Statistics
# Counters                                             : 3
 32-bit up counter                                     : 3
# Registers                                            : 3
 1-bit register                                        : 3

=========================================================================

=========================================================================
*                       Advanced HDL Synthesis                          *
=========================================================================


=========================================================================
Advanced HDL Synthesis Report

Macro Statistics
# Counters                                             : 3
 32-bit up counter                                     : 3
# Registers                                            : 3
 Flip-Flops                                            : 3

=========================================================================

=========================================================================
*                         Low Level Synthesis                           *
=========================================================================

Optimizing unit <buzzer> ...

Mapping all equations...
Building and optimizing final netlist ...
Found area constraint ratio of 100 (+ 5) on block buzzer, actual ratio is 3.

Final Macro Processing ...

=========================================================================
Final Register Report

Macro Statistics
# Registers                                            : 99
 Flip-Flops                                            : 99

=========================================================================

=========================================================================
*                           Partition Report                            *
=========================================================================

Partition Implementation Status
-------------------------------

  No Partitions were found in this design.

-------------------------------

=========================================================================
*                            Final Report                               *
=========================================================================
Final Results
RTL Top Level Output File Name     : buzzer.ngr
Top Level Output File Name         : buzzer
Output Format                      : NGC
Optimization Goal                  : Speed
Keep Hierarchy                     : No

Design Statistics
# IOs                              : 3

Cell Usage :
# BELS                             : 339
#      GND                         : 1
#      INV                         : 6
#      LUT1                        : 93
#      LUT4                        : 25
#      MUXCY                       : 117
#      VCC                         : 1
#      XORCY                       : 96
# FlipFlops/Latches                : 99
#      FDE                         : 3
#      FDR                         : 96
# Clock Buffers                    : 1
#      BUFGP                       : 1
# IO Buffers                       : 2
#      IBUF                        : 1
#      OBUF                        : 1
=========================================================================

Device utilization summary:
---------------------------

Selected Device : 3s200tq144-4 

 Number of Slices:                       65  out of   1920     3%  
 Number of Slice Flip Flops:             99  out of   3840     2%  
 Number of 4 input LUTs:                124  out of   3840     3%  
 Number of IOs:                           3
 Number of bonded IOBs:                   3  out of     97     3%  
 Number of GCLKs:                         1  out of      8    12%  

---------------------------
Partition Resource Summary:
---------------------------

  No Partitions were found in this design.

---------------------------


=========================================================================
TIMING REPORT

NOTE: THESE TIMING NUMBERS ARE ONLY A SYNTHESIS ESTIMATE.
      FOR ACCURATE TIMING INFORMATION PLEASE REFER TO THE TRACE REPORT
      GENERATED AFTER PLACE-and-ROUTE.

Clock Information:
------------------
-----------------------------------+------------------------+-------+
Clock Signal                       | Clock buffer(FF name)  | Load  |
-----------------------------------+------------------------+-------+
clk                                | BUFGP                  | 99    |
-----------------------------------+------------------------+-------+

Asynchronous Control Signals Information:
----------------------------------------
No asynchronous control signals found in this design

Timing Summary:
---------------
Speed Grade: -4

   Minimum period: 6.537ns (Maximum Frequency: 152.979MHz)
   Minimum input arrival time before clock: No path found
   Maximum output required time after clock: 8.788ns
   Maximum combinational path delay: 8.957ns

Timing Detail:
--------------
All values displayed in nanoseconds (ns)

=========================================================================
Timing constraint: Default period analysis for Clock 'clk'
  Clock period: 6.537ns (frequency: 152.979MHz)
  Total number of paths / destination ports: 4755 / 198
-------------------------------------------------------------------------
Delay:               6.537ns (Levels of Logic = 9)
  Source:            cnt_8 (FF)
  Destination:       cnt_0 (FF)
  Source Clock:      clk rising
  Destination Clock: clk rising

  Data Path: cnt_8 to cnt_0
                                Gate     Net
    Cell:in->out      fanout   Delay   Delay  Logical Name (Net Name)
    ----------------------------------------  ------------
     FDR:C->Q              2   0.720   1.216  cnt_8 (cnt_8)
     LUT4:I0->O            1   0.551   0.000  speed_cmp_eq0000_wg_lut<0> (speed_cmp_eq0000_wg_lut<0>)
     MUXCY:S->O            1   0.500   0.000  speed_cmp_eq0000_wg_cy<0> (speed_cmp_eq0000_wg_cy<0>)
     MUXCY:CI->O           1   0.064   0.000  speed_cmp_eq0000_wg_cy<1> (speed_cmp_eq0000_wg_cy<1>)
     MUXCY:CI->O           1   0.064   0.000  speed_cmp_eq0000_wg_cy<2> (speed_cmp_eq0000_wg_cy<2>)
     MUXCY:CI->O           1   0.064   0.000  speed_cmp_eq0000_wg_cy<3> (speed_cmp_eq0000_wg_cy<3>)
     MUXCY:CI->O           1   0.064   0.000  speed_cmp_eq0000_wg_cy<4> (speed_cmp_eq0000_wg_cy<4>)
     MUXCY:CI->O           1   0.064   0.000  speed_cmp_eq0000_wg_cy<5> (speed_cmp_eq0000_wg_cy<5>)
     MUXCY:CI->O           1   0.064   0.000  speed_cmp_eq0000_wg_cy<6> (speed_cmp_eq0000_wg_cy<6>)
     MUXCY:CI->O          33   0.281   1.859  speed_cmp_eq0000_wg_cy<7> (speed_cmp_eq0000)
     FDR:R                     1.026          cnt_0
    ----------------------------------------
    Total                      6.537ns (3.462ns logic, 3.075ns route)
                                       (53.0% logic, 47.0% route)

=========================================================================
Timing constraint: Default OFFSET OUT AFTER for Clock 'clk'
  Total number of paths / destination ports: 3 / 1
-------------------------------------------------------------------------
Offset:              8.788ns (Levels of Logic = 2)
  Source:            speed (FF)
  Destination:       sp (PAD)
  Source Clock:      clk rising

  Data Path: speed to sp
                                Gate     Net
    Cell:in->out      fanout   Delay   Delay  Logical Name (Net Name)
    ----------------------------------------  ------------
     FDE:C->Q              2   0.720   1.072  speed (speed)
     LUT4:I1->O            1   0.551   0.801  sp3 (sp_OBUF)
     OBUF:I->O                 5.644          sp_OBUF (sp)
    ----------------------------------------
    Total                      8.788ns (6.915ns logic, 1.873ns route)
                                       (78.7% logic, 21.3% route)

=========================================================================
Timing constraint: Default path analysis
  Total number of paths / destination ports: 1 / 1
-------------------------------------------------------------------------
Delay:               8.957ns (Levels of Logic = 3)
  Source:            onoff (PAD)
  Destination:       sp (PAD)

  Data Path: onoff to sp
                                Gate     Net
    Cell:in->out      fanout   Delay   Delay  Logical Name (Net Name)
    ----------------------------------------  ------------
     IBUF:I->O             1   0.821   1.140  onoff_IBUF (onoff_IBUF)
     LUT4:I0->O            1   0.551   0.801  sp3 (sp_OBUF)
     OBUF:I->O                 5.644          sp_OBUF (sp)
    ----------------------------------------
    Total                      8.957ns (7.016ns logic, 1.941ns route)
                                       (78.3% logic, 21.7% route)

=========================================================================


Total REAL time to Xst completion: 3.00 secs
Total CPU time to Xst completion: 3.59 secs
 
--> 

Total memory usage is 199596 kilobytes

Number of errors   :    0 (   0 filtered)
Number of warnings :    1 (   0 filtered)
Number of infos    :    0 (   0 filtered)

